Flutter crash report.
Please report a bug at https://github.com/flutter/flutter/issues.

## command

flutter run

## exception

PathAccessException: PathAccessException: Deletion failed, path = 'C:\Users\sherl\AppData\Local\Temp\flutter_tools.2e300d6c\flutter_tool.2cc2eca9' (OS Error: The process cannot access the file because it is being used by another process, errno = 32)

```
#0      _Directory._deleteSync (dart:io/directory_impl.dart:216:7)
#1      FileSystemEntity.deleteSync (dart:io/file_system_entity.dart:425:7)
#2      ForwardingFileSystemEntity.deleteSync (package:file/src/forwarding/forwarding_file_system_entity.dart:70:16)
#3      ErrorHandlingDirectory.deleteSync.<anonymous closure> (package:flutter_tools/src/base/error_handling_io.dart:451:22)
#4      _runSync (package:flutter_tools/src/base/error_handling_io.dart:552:14)
#5      ErrorHandlingDirectory.deleteSync (package:flutter_tools/src/base/error_handling_io.dart:450:12)
#6      ResidentRunner.preExit (package:flutter_tools/src/resident_runner.dart:1435:25)
#7      ResidentRunner.exit (package:flutter_tools/src/resident_runner.dart:1278:11)
<asynchronous suspension>
#8      TerminalHandler._commonTerminalInputHandler (package:flutter_tools/src/resident_runner.dart:1830:9)
<asynchronous suspension>
#9      TerminalHandler.processTerminalInput (package:flutter_tools/src/resident_runner.dart:1906:7)
<asynchronous suspension>
```

## flutter doctor

```
[32m[✓][39m Flutter (Channel stable, 3.41.4, on Microsoft Windows [Version 10.0.26200.8037], locale en-IN) [209ms]
    [32m•[39m Flutter version 3.41.4 on channel stable at C:\dart-sdk\flutter
    [32m•[39m Upstream repository https://github.com/flutter/flutter.git
    [32m•[39m Framework revision ff37bef603 (2 weeks ago), 2026-03-03 16:03:22 -0800
    [32m•[39m Engine revision e4b8dca3f1
    [32m•[39m Dart version 3.11.1
    [32m•[39m DevTools version 2.54.1
    [32m•[39m Feature flags: enable-web, enable-linux-desktop, enable-macos-desktop, enable-windows-desktop, enable-android,
      enable-ios, cli-animations, enable-native-assets, omit-legacy-version-file, enable-lldb-debugging,
      enable-uiscene-migration

[32m[✓][39m Windows Version (Windows 11 or higher, 25H2, 2009) [1,183ms]

[33m[!][39m Android toolchain - develop for Android devices (Android SDK version 36.1.0) [878ms]
    [32m•[39m Android SDK at C:\Users\sherl\AppData\Local\Android\sdk
    [32m•[39m Emulator version 36.4.9.0 (build_id 14788078) (CL:N/A)
    [31m✗[39m cmdline-tools component is missing.
      Try installing or updating Android Studio.
      Alternatively, download the tools from https://developer.android.com/studio#command-line-tools-only and make sure to
      set the ANDROID_HOME environment variable.
      See https://developer.android.com/studio/command-line for more details.
    [31m✗[39m Android license status unknown.
      Run `flutter doctor --android-licenses` to accept the SDK licenses.
      See https://flutter.dev/to/windows-android-setup for more details.

[32m[✓][39m Chrome - develop for the web [6ms]
    [32m•[39m Chrome at C:\Program Files\Google\Chrome\Application\chrome.exe

[31m[✗][39m Visual Studio - develop Windows apps [5ms]
    [31m✗[39m Visual Studio not installed; this is necessary to develop Windows apps.
      Download at https://visualstudio.microsoft.com/downloads/.
      Please install the "Desktop development with C++" workload, including all of its default components

[32m[✓][39m Connected device (3 available) [153ms]
    [32m•[39m Windows (desktop) • windows • windows-x64    • Microsoft Windows [Version 10.0.26200.8037]
    [32m•[39m Chrome (web)      • chrome  • web-javascript • Google Chrome 146.0.7680.81
    [32m•[39m Edge (web)        • edge    • web-javascript • Microsoft Edge 146.0.3856.62

[32m[✓][39m Network resources [995ms]
    [32m•[39m All expected network resources are available.

[33m![39m Doctor found issues in 2 categories.
```
